<?xml version="1.0" encoding="utf-8"?>
<TestRun id="5869b5c9-f8f9-415a-8ce9-e4dfb300cdd1" name="e10653214@USM246425 2025-12-02 12:17:08" runUser="ADXU\e10653214" xmlns="http://microsoft.com/schemas/VisualStudio/TeamTest/2010">
  <Times creation="2025-12-02T12:17:08.5206103-06:00" queuing="2025-12-02T12:17:08.5206107-06:00" start="2025-12-02T12:17:06.4408211-06:00" finish="2025-12-02T12:17:08.5244325-06:00" />
  <TestSettings name="default" id="f662c7dc-e490-4ea0-971b-f0744d12f94d">
    <Deployment runDeploymentRoot="e10653214_USM246425_2025-12-02_12_17_08" />
  </TestSettings>
  <Results>
    <UnitTestResult executionId="cb478701-758d-46c7-80d1-f9d005c74535" testId="aded4ca0-29dc-4f0a-e350-e160f8323a6e" testName="TestMethod1" computerName="USM246425" duration="00:00:00.0023733" startTime="2025-12-02T12:17:08.3919927-06:00" endTime="2025-12-02T12:17:08.4092879-06:00" testType="13cdc9d9-ddb5-4fa4-a97d-d965ccfc6d4b" outcome="Passed" testListId="8c84fa94-04c1-424b-9868-57a2d4851a1d" relativeResultsDirectory="cb478701-758d-46c7-80d1-f9d005c74535" />
  </Results>
  <TestDefinitions>
    <UnitTest name="TestMethod1" storage="c:\users\e10653214\test case editor app version 2_repo\testcaseeditorapp\tests\testcaseeditorapp.tests\bin\debug\net8.0\testcaseeditorapp.tests.dll" id="aded4ca0-29dc-4f0a-e350-e160f8323a6e">
      <Execution id="cb478701-758d-46c7-80d1-f9d005c74535" />
      <TestMethod codeBase="C:\Users\e10653214\Test Case Editor App Version 2_repo\TestCaseEditorApp\Tests\TestCaseEditorApp.Tests\bin\Debug\net8.0\TestCaseEditorApp.Tests.dll" adapterTypeName="executor://mstestadapter/v2" className="TestCaseEditorApp.Tests.Test1" name="TestMethod1" />
    </UnitTest>
  </TestDefinitions>
  <TestEntries>
    <TestEntry testId="aded4ca0-29dc-4f0a-e350-e160f8323a6e" executionId="cb478701-758d-46c7-80d1-f9d005c74535" testListId="8c84fa94-04c1-424b-9868-57a2d4851a1d" />
  </TestEntries>
  <TestLists>
    <TestList name="Results Not in a List" id="8c84fa94-04c1-424b-9868-57a2d4851a1d" />
    <TestList name="All Loaded Results" id="19431567-8539-422a-85d7-44ee4e166bda" />
  </TestLists>
  <ResultSummary outcome="Completed">
    <Counters total="1" executed="1" passed="1" failed="0" error="0" timeout="0" aborted="0" inconclusive="0" passedButRunAborted="0" notRunnable="0" notExecuted="0" disconnected="0" warning="0" completed="0" inProgress="0" pending="0" />
    <Output>
      <StdOut>Test Parallelization enabled for C:\Users\e10653214\Test Case Editor App Version 2_repo\TestCaseEditorApp\Tests\TestCaseEditorApp.Tests\bin\Debug\net8.0\TestCaseEditorApp.Tests.dll (Workers: 22, Scope: MethodLevel)&#xD;
</StdOut>
    </Output>
  </ResultSummary>
</TestRun>