<?xml version="1.0" encoding="utf-8"?>
<TestRun id="970ac17e-c88f-409d-a0b8-7e48d4fc30bc" name="e10653214@USM246425 2025-12-02 12:14:16" runUser="ADXU\e10653214" xmlns="http://microsoft.com/schemas/VisualStudio/TeamTest/2010">
  <Times creation="2025-12-02T12:14:16.3918214-06:00" queuing="2025-12-02T12:14:16.3918218-06:00" start="2025-12-02T12:14:13.9148521-06:00" finish="2025-12-02T12:14:16.3924498-06:00" />
  <TestSettings name="default" id="3630ed4c-5f2f-4f2a-90a8-30d60c3baf4f">
    <Deployment runDeploymentRoot="e10653214_USM246425_2025-12-02_12_14_16" />
  </TestSettings>
  <TestLists>
    <TestList name="Results Not in a List" id="8c84fa94-04c1-424b-9868-57a2d4851a1d" />
    <TestList name="All Loaded Results" id="19431567-8539-422a-85d7-44ee4e166bda" />
  </TestLists>
  <ResultSummary outcome="Failed">
    <Counters total="0" executed="0" passed="0" failed="0" error="0" timeout="0" aborted="0" inconclusive="0" passedButRunAborted="0" notRunnable="0" notExecuted="0" disconnected="0" warning="0" completed="0" inProgress="0" pending="0" />
    <Output>
      <StdOut>Error:&#xD;
  An assembly specified in the application dependencies manifest (testhost.deps.json) was not found:&#xD;
    package: 'Microsoft.TestPlatform.CommunicationUtilities', version: '17.12.0-release-24508-01'&#xD;
    path: 'Microsoft.TestPlatform.CommunicationUtilities.dll'&#xD;
</StdOut>
    </Output>
    <RunInfos>
      <RunInfo computerName="USM246425" outcome="Error" timestamp="2025-12-02T12:14:16.3582146-06:00">
        <Text>Testhost process for source(s) 'C:\Users\e10653214\Test Case Editor App Version 2_repo\TestCaseEditorApp\bin\Debug\net8.0-windows\TestCaseEditorApp.dll' exited with error: Error:&#xD;
  An assembly specified in the application dependencies manifest (testhost.deps.json) was not found:&#xD;
    package: 'Microsoft.TestPlatform.CommunicationUtilities', version: '17.12.0-release-24508-01'&#xD;
    path: 'Microsoft.TestPlatform.CommunicationUtilities.dll'&#xD;
. Please check the diagnostic logs for more information.</Text>
      </RunInfo>
    </RunInfos>
  </ResultSummary>
</TestRun>